data/build/outputs/mapping/release/configuration.txt
# The proguard configuration file for the following section is release/generateReleaseLibraryProguardRules/aapt_rules.txt
# Generated by the gradle plugin

# End of content from release/generateReleaseLibraryProguardRules/aapt_rules.txt
# The proguard configuration file for the following section is default_proguard_files/global/proguard-android-optimize.txt-8.13.0
# This is a configuration file for ProGuard.
# http://proguard.sourceforge.net/index.html#manual/usage.html
#
# Starting with version 2.2 of the Android plugin for Gradle, this file is distributed together with
# the plugin and unpacked at build-time. The files in $ANDROID_HOME are no longer maintained and
# will be ignored by new version of the Android plugin for Gradle.

# Optimizations: If you don't want to optimize, use the proguard-android.txt configuration file
# instead of this one, which turns off the optimization flags.
-allowaccessmodification

# Preserve some attributes that may be required for reflection.
-keepattributes AnnotationDefault,
                EnclosingMethod,
                InnerClasses,
                RuntimeVisibleAnnotations,
                RuntimeVisibleParameterAnnotations,
                RuntimeVisibleTypeAnnotations,
                Signature

-keep public class com.google.vending.licensing.ILicensingService
-keep public class com.android.vending.licensing.ILicensingService
-keep public class com.google.android.vending.licensing.ILicensingService
-dontnote com.android.vending.licensing.ILicensingService
-dontnote com.google.vending.licensing.ILicensingService
-dontnote com.google.android.vending.licensing.ILicensingService

# For native methods, see https://www.guardsquare.com/manual/configuration/examples#native
-keepclasseswithmembernames,includedescriptorclasses class * {
    native <methods>;
}

# Keep setters in Views so that animations can still work.
-keepclassmembers public class * extends android.view.View {
    void set*(***);
    *** get*();
}

# We want to keep methods in Activity that could be used in the XML attribute onClick.
-keepclassmembers class * extends android.app.Activity {
    public void *(android.view.View);
}

# For enumeration classes, see https://www.guardsquare.com/manual/configuration/examples#enumerations
-keepclassmembers enum * {
    public static **[] values();
    public static ** valueOf(java.lang.String);
}

-keepclassmembers class * implements android.os.Parcelable {
    public static final ** CREATOR;
}

# Preserve annotated Javascript interface methods.
-keepclassmembers class * {
    @android.webkit.JavascriptInterface <methods>;
}

# The support libraries contains references to newer platform versions.
# Don't warn about those in case this app is linking against an older
# platform version. We know about them, and they are safe.
-dontnote android.support.**
-dontnote androidx.**
-dontwarn android.support.**
-dontwarn androidx.**

# Understand the @Keep support annotation.
-keep class android.support.annotation.Keep

-keep @android.support.annotation.Keep class * {*;}

-keepclasseswithmembers class * {
    @android.support.annotation.Keep <methods>;
}

-keepclasseswithmembers class * {
    @android.support.annotation.Keep <fields>;
}

-keepclasseswithmembers class * {
    @android.support.annotation.Keep <init>(...);
}

# These classes are duplicated between android.jar and org.apache.http.legacy.jar.
-dontnote org.apache.http.**
-dontnote android.net.http.**

# These classes are duplicated between android.jar and core-lambda-stubs.jar.
-dontnote java.lang.invoke.**

# End of content from default_proguard_files/global/proguard-android-optimize.txt-8.13.0
# The proguard configuration file for the following section is workspace/data/proguard-rules.pro
# ProGuard rules for CDC CreditSmart data module

# Keep Room database classes and related components
-keep class androidx.room.** { *; }
-keep interface androidx.room.** { *; }
-dontwarn androidx.room.**

# Keep StringConcatFactory for Room compatibility
-keep class java.lang.invoke.StringConcatFactory { *; }
-keep class java.lang.invoke.** { *; }
-dontwarn java.lang.invoke.**

# Keep all Room generated classes
-keep class * extends androidx.room.RoomDatabase
-keep @androidx.room.Database class * { *; }
-keep @androidx.room.Dao class * { *; }
-keep @androidx.room.Entity class * { *; }
-keep @androidx.room.TypeConverter class * { *; }
-keep @androidx.room.Query class * { *; }

# Keep CDC specific database and entity classes
-keep class com.cdccreditsmart.data.local.** { *; }
-keep class com.cdccreditsmart.data.entity.** { *; }
-keep class com.cdccreditsmart.data.repository.** { *; }
-keep class com.cdccreditsmart.data.di.** { *; }

# Keep all model classes used by Room
-keepclassmembers class * {
    @androidx.room.* <fields>;
    @androidx.room.* <methods>;
}

# Keep Room generated implementation classes
-keep class * extends androidx.room.RoomDatabase {
    <methods>;
}

# Keep Room migration classes
-keep class * extends androidx.room.migration.Migration { *; }

# Keep Hilt dependency injection classes
-keep class * extends dagger.hilt.android.internal.managers.ApplicationComponentManager
-keep class dagger.hilt.** { *; }
-keep class javax.inject.** { *; }
-keep @dagger.hilt.** class * { *; }

# Keep Kotlin coroutines for Room
-keep class kotlinx.coroutines.** { *; }
-dontwarn kotlinx.coroutines.**

# Keep Moshi JSON classes
-keep class com.squareup.moshi.** { *; }
-keep @com.squareup.moshi.JsonClass class * { *; }
-keepclassmembers @com.squareup.moshi.JsonClass class * {
    <fields>;
    <init>(...);
}

# Keep EncryptedSharedPreferences classes
-keep class androidx.security.crypto.** { *; }
-dontwarn androidx.security.crypto.**

# Keep reflection for Room TypeConverters and other annotations
-keepattributes *Annotation*
-keepattributes Signature
-keepattributes SourceFile,LineNumberTable

# Keep inner classes for Room generated code
-keepattributes InnerClasses
-keepattributes EnclosingMethod

# Prevent obfuscation of Room class names and member names
-keepnames class * extends androidx.room.RoomDatabase
-keepnames @androidx.room.Entity class *
-keepnames @androidx.room.Dao class *

# Suppress warnings for network module classes (based on R8 missing_rules.txt)
-dontwarn com.cdccreditsmart.network.api.Address
-dontwarn com.cdccreditsmart.network.api.ApkAuthRequest
-dontwarn com.cdccreditsmart.network.api.ApkAuthResponse
-dontwarn com.cdccreditsmart.network.api.AuthApiService
-dontwarn com.cdccreditsmart.network.api.BiometryApiService
-dontwarn com.cdccreditsmart.network.api.BiometryHistoryResponse
-dontwarn com.cdccreditsmart.network.api.BiometryHistorySession
-dontwarn com.cdccreditsmart.network.api.BiometryMetadata
-dontwarn com.cdccreditsmart.network.api.BiometrySessionResponse
-dontwarn com.cdccreditsmart.network.api.BiometrySessionStatusResponse
-dontwarn com.cdccreditsmart.network.api.BiometryVerificationResponse
-dontwarn com.cdccreditsmart.network.api.BoletoPaymentResponse
-dontwarn com.cdccreditsmart.network.api.CameraInfo
-dontwarn com.cdccreditsmart.network.api.CancelPaymentRequest
-dontwarn com.cdccreditsmart.network.api.CdcDeviceStatusResponse
-dontwarn com.cdccreditsmart.network.api.ContractApiService
-dontwarn com.cdccreditsmart.network.api.ContractData
-dontwarn com.cdccreditsmart.network.api.ContractResponse
-dontwarn com.cdccreditsmart.network.api.ContractSignRequest
-dontwarn com.cdccreditsmart.network.api.ContractSignResponse
-dontwarn com.cdccreditsmart.network.api.ContractSignature
-dontwarn com.cdccreditsmart.network.api.ContractSignaturesResponse
-dontwarn com.cdccreditsmart.network.api.ContractSyncRequest
-dontwarn com.cdccreditsmart.network.api.ContractSyncResponse
-dontwarn com.cdccreditsmart.network.api.ContractTermsResponse
-dontwarn com.cdccreditsmart.network.api.ContractUpdate
-dontwarn com.cdccreditsmart.network.api.CreateBiometrySessionRequest
-dontwarn com.cdccreditsmart.network.api.CreateBoletoPaymentRequest
-dontwarn com.cdccreditsmart.network.api.CreatePixPaymentRequest
-dontwarn com.cdccreditsmart.network.api.CustomerInfo
-dontwarn com.cdccreditsmart.network.api.DeviceApiService
-dontwarn com.cdccreditsmart.network.api.DeviceAttestRequest
-dontwarn com.cdccreditsmart.network.api.DeviceAttestResponse
-dontwarn com.cdccreditsmart.network.api.DeviceAttestationStartRequest
-dontwarn com.cdccreditsmart.network.api.DeviceBindRequest
-dontwarn com.cdccreditsmart.network.api.DeviceBindResponse
-dontwarn com.cdccreditsmart.network.api.DeviceConfiguration
-dontwarn com.cdccreditsmart.network.api.DeviceInfo
-dontwarn com.cdccreditsmart.network.api.DeviceStatusResponse
-dontwarn com.cdccreditsmart.network.api.EnvironmentInfo
-dontwarn com.cdccreditsmart.network.api.FaceBiometryRequest
-dontwarn com.cdccreditsmart.network.api.FinancingTerms
-dontwarn com.cdccreditsmart.network.api.FlowEventResponse
-dontwarn com.cdccreditsmart.network.api.FlowEventsApiService
-dontwarn com.cdccreditsmart.network.api.FlowMetadata
-dontwarn com.cdccreditsmart.network.api.HeartbeatRequest
-dontwarn com.cdccreditsmart.network.api.ImeiValidationRequest
-dontwarn com.cdccreditsmart.network.api.ImeiValidationResponse
-dontwarn com.cdccreditsmart.network.api.ImeiValidationStartRequest
-dontwarn com.cdccreditsmart.network.api.InstallmentInfo
-dontwarn com.cdccreditsmart.network.api.InstallmentsResponse
-dontwarn com.cdccreditsmart.network.api.Location
-dontwarn com.cdccreditsmart.network.api.PaymentConfirmationRequest
-dontwarn com.cdccreditsmart.network.api.PaymentConfirmationResponse
-dontwarn com.cdccreditsmart.network.api.PaymentHistoryItem
-dontwarn com.cdccreditsmart.network.api.PaymentHistoryResponse
-dontwarn com.cdccreditsmart.network.api.PaymentStatusResponse
-dontwarn com.cdccreditsmart.network.api.PaymentSummary
-dontwarn com.cdccreditsmart.network.api.PaymentsApiService
-dontwarn com.cdccreditsmart.network.api.PixPaymentResponse
-dontwarn com.cdccreditsmart.network.api.UpdateReportRequest
-dontwarn com.cdccreditsmart.network.error.CdcApiException
-dontwarn com.cdccreditsmart.network.error.NetworkErrorMapper
-dontwarn com.cdccreditsmart.network.error.Resource$Companion
-dontwarn com.cdccreditsmart.network.error.Resource$Error
-dontwarn com.cdccreditsmart.network.error.Resource$Loading
-dontwarn com.cdccreditsmart.network.error.Resource$Success
-dontwarn com.cdccreditsmart.network.error.Resource

# Keep network service classes
-keep class com.cdccreditsmart.network.service.** { *; }

# Keep data mapper classes
-keep class com.cdccreditsmart.data.mapper.** { *; }
# End of content from workspace/data/proguard-rules.pro
# The proguard configuration file for the following section is exportReleaseConsumerProguardFiles/lib0/proguard.txt
# Network module consumer ProGuard rules
# Add any consumer-specific ProGuard rules here

# Keep all network DTOs for JSON serialization
-keep class com.cdccreditsmart.network.api.** { *; }
-keep class com.cdccreditsmart.network.dto.** { *; }

# Keep Resource class
-keep class com.cdccreditsmart.network.error.Resource { *; }

# Keep exception classes
-keep class com.cdccreditsmart.network.error.** extends java.lang.Exception { *; }

# ===== CRITICAL: WebSocket Command Classes for Device Module =====
# These classes MUST be preserved for dependent modules (device module)
-keep class com.cdccreditsmart.network.websocket.** { *; }

# Specific WebSocket command classes that device module requires
-keep public class com.cdccreditsmart.network.websocket.DeviceCommand { *; }
-keep public class com.cdccreditsmart.network.websocket.DeviceCommandWrapper { *; }
-keep public class com.cdccreditsmart.network.websocket.CommandData { *; }
-keep public class com.cdccreditsmart.network.websocket.BlockCommand { *; }
-keep public class com.cdccreditsmart.network.websocket.UnblockCommand { *; }
-keep public class com.cdccreditsmart.network.websocket.UninstallCommand { *; }
-keep public class com.cdccreditsmart.network.websocket.ApkUpdateCommand { *; }
-keep public class com.cdccreditsmart.network.websocket.ApkUpdateData { *; }
-keep public class com.cdccreditsmart.network.websocket.CommandAcknowledgment { *; }

# Keep WebSocket connection and error classes
-keep public class com.cdccreditsmart.network.websocket.WebSocketConnectionStatus { *; }
-keep public class com.cdccreditsmart.network.websocket.WebSocketError { *; }

# Keep WebSocket service classes
-keep public class com.cdccreditsmart.network.websocket.DeviceCommandWebSocketService { *; }
-keep public class com.cdccreditsmart.network.websocket.FlowStatusWebSocketService { *; }

# Keep sealed class members and inheritance
-keepclassmembers class com.cdccreditsmart.network.websocket.DeviceCommand {
    public *;
    protected *;
}

# Keep constructors and public members for data classes
-keepclassmembers class com.cdccreditsmart.network.websocket.CommandData {
    public <init>(...);
    public *;
    protected *;
}

-keepclassmembers class com.cdccreditsmart.network.websocket.ApkUpdateData {
    public <init>(...);
    public *;
    protected *;
}

# Keep Moshi JSON adapters for WebSocket serialization
-keep class com.cdccreditsmart.network.websocket.**JsonAdapter { *; }
-keep class **$*JsonAdapter {
    <init>(...);
    <fields>;
}

# Prevent obfuscation of WebSocket command type names
-keepnames class com.cdccreditsmart.network.websocket.DeviceCommand
-keepnames class com.cdccreditsmart.network.websocket.BlockCommand
-keepnames class com.cdccreditsmart.network.websocket.UnblockCommand
-keepnames class com.cdccreditsmart.network.websocket.UninstallCommand
-keepnames class com.cdccreditsmart.network.websocket.ApkUpdateCommand
-keepnames class com.cdccreditsmart.network.websocket.CommandData
-keepnames class com.cdccreditsmart.network.websocket.ApkUpdateData
-keepnames class com.cdccreditsmart.network.websocket.DeviceCommandWrapper
-keepnames class com.cdccreditsmart.network.websocket.CommandAcknowledgment

# Keep Kotlin data class components for dependent modules
-keepclassmembers class com.cdccreditsmart.network.websocket.** {
    public final *;
    public static final *;
    public static final *** Companion;
}

# Ensure public access for dependent modules
-keep public class com.cdccreditsmart.network.websocket.** { public *; }
# End of content from exportReleaseConsumerProguardFiles/lib0/proguard.txt
# The proguard configuration file for the following section is exportReleaseConsumerProguardFiles/lib1/proguard.txt
-if class com.cdccreditsmart.network.api.Address
-keepnames class com.cdccreditsmart.network.api.Address
-if class com.cdccreditsmart.network.api.Address
-keep class com.cdccreditsmart.network.api.AddressJsonAdapter {
    public <init>(com.squareup.moshi.Moshi);
}

-if class com.cdccreditsmart.network.api.ApkAuthRequest
-keepnames class com.cdccreditsmart.network.api.ApkAuthRequest
-if class com.cdccreditsmart.network.api.ApkAuthRequest
-keep class com.cdccreditsmart.network.api.ApkAuthRequestJsonAdapter {
    public <init>(com.squareup.moshi.Moshi);
}
-if class com.cdccreditsmart.network.api.ApkAuthRequest
-keepnames class kotlin.jvm.internal.DefaultConstructorMarker
-if class com.cdccreditsmart.network.api.ApkAuthRequest
-keepclassmembers class com.cdccreditsmart.network.api.ApkAuthRequest {
    public synthetic <init>(java.lang.String,int,java.lang.String,java.lang.String,java.lang.String,java.lang.String,java.lang.String,java.lang.String,int,kotlin.jvm.internal.DefaultConstructorMarker);
}

-if class com.cdccreditsmart.network.api.ApkAuthResponse
-keepnames class com.cdccreditsmart.network.api.ApkAuthResponse
-if class com.cdccreditsmart.network.api.ApkAuthResponse
-keep class com.cdccreditsmart.network.api.ApkAuthResponseJsonAdapter {
    public <init>(com.squareup.moshi.Moshi);
}
-if class com.cdccreditsmart.network.api.ApkAuthResponse
-keepnames class kotlin.jvm.internal.DefaultConstructorMarker
-if class com.cdccreditsmart.network.api.ApkAuthResponse
-keepclassmembers class com.cdccreditsmart.network.api.ApkAuthResponse {
    public synthetic <init>(boolean,java.lang.String,java.lang.String,java.lang.Long,java.lang.String,java.util.List,long,java.util.List,int,kotlin.jvm.internal.DefaultConstructorMarker);
}

-if class com.cdccreditsmart.network.api.AuthResponse
-keepnames class com.cdccreditsmart.network.api.AuthResponse
-if class com.cdccreditsmart.network.api.AuthResponse
-keep class com.cdccreditsmart.network.api.AuthResponseJsonAdapter {
    public <init>(com.squareup.moshi.Moshi);
}
-if class com.cdccreditsmart.network.api.AuthResponse
-keepnames class kotlin.jvm.internal.DefaultConstructorMarker
-if class com.cdccreditsmart.network.api.AuthResponse
-keepclassmembers class com.cdccreditsmart.network.api.AuthResponse {
    public synthetic <init>(java.lang.String,java.lang.String,java.lang.String,long,java.lang.String,java.lang.String,java.lang.String,com.cdccreditsmart.network.api.UserInfo,int,kotlin.jvm.internal.DefaultConstructorMarker);
}

-if class com.cdccreditsmart.network.api.AuthScope
-keepnames class com.cdccreditsmart.network.api.AuthScope
-if class com.cdccreditsmart.network.api.AuthScope
-keep class com.cdccreditsmart.network.api.AuthScopeJsonAdapter {
    public <init>(com.squareup.moshi.Moshi);
}
-if class com.cdccreditsmart.network.api.AuthScope
-keepnames class kotlin.jvm.internal.DefaultConstructorMarker
-if class com.cdccreditsmart.network.api.AuthScope
-keepclassmembers class com.cdccreditsmart.network.api.AuthScope {
    public synthetic <init>(java.lang.String,java.lang.String,java.util.List,boolean,java.lang.Long,int,kotlin.jvm.internal.DefaultConstructorMarker);
}

-if class com.cdccreditsmart.network.api.AuthScopesResponse
-keepnames class com.cdccreditsmart.network.api.AuthScopesResponse
-if class com.cdccreditsmart.network.api.AuthScopesResponse
-keep class com.cdccreditsmart.network.api.AuthScopesResponseJsonAdapter {
    public <init>(com.squareup.moshi.Moshi);
}

-if class com.cdccreditsmart.network.api.AutoSyncRequest
-keepnames class com.cdccreditsmart.network.api.AutoSyncRequest
-if class com.cdccreditsmart.network.api.AutoSyncRequest
-keep class com.cdccreditsmart.network.api.AutoSyncRequestJsonAdapter {
    public <init>(com.squareup.moshi.Moshi);
}
-if class com.cdccreditsmart.network.api.AutoSyncRequest
-keepnames class kotlin.jvm.internal.DefaultConstructorMarker
-if class com.cdccreditsmart.network.api.AutoSyncRequest
-keepclassmembers class com.cdccreditsmart.network.api.AutoSyncRequest {
    public synthetic <init>(java.lang.String,java.lang.String,int,kotlin.jvm.internal.DefaultConstructorMarker);
}

-if class com.cdccreditsmart.network.api.AutoSyncResponse
-keepnames class com.cdccreditsmart.network.api.AutoSyncResponse
-if class com.cdccreditsmart.network.api.AutoSyncResponse
-keep class com.cdccreditsmart.network.api.AutoSyncResponseJsonAdapter {
    public <init>(com.squareup.moshi.Moshi);
}
-if class com.cdccreditsmart.network.api.AutoSyncResponse
-keepnames class kotlin.jvm.internal.DefaultConstructorMarker
-if class com.cdccreditsmart.network.api.AutoSyncResponse
-keepclassmembers class com.cdccreditsmart.network.api.AutoSyncResponse {
    public synthetic <init>(boolean,boolean,java.lang.String,java.lang.String,java.lang.String,java.lang.String,long,java.lang.Long,int,kotlin.jvm.internal.DefaultConstructorMarker);
}

-if class com.cdccreditsmart.network.api.BiometryConfiguration
-keepnames class com.cdccreditsmart.network.api.BiometryConfiguration
-if class com.cdccreditsmart.network.api.BiometryConfiguration
-keep class com.cdccreditsmart.network.api.BiometryConfigurationJsonAdapter {
    public <init>(com.squareup.moshi.Moshi);
}

-if class com.cdccreditsmart.network.api.BiometryHistoryResponse
-keepnames class com.cdccreditsmart.network.api.BiometryHistoryResponse
-if class com.cdccreditsmart.network.api.BiometryHistoryResponse
-keep class com.cdccreditsmart.network.api.BiometryHistoryResponseJsonAdapter {
    public <init>(com.squareup.moshi.Moshi);
}