data/build/outputs/mapping/release/seeds.txt
com.cdccreditsmart.data.local.dao.DeviceStatusDao_Impl$Companion
com.cdccreditsmart.data.local.dao.DeviceBindingDao_Impl
com.cdccreditsmart.data.local.entity.BiometrySessionEntityKt
com.cdccreditsmart.data.repository.BiometryRepositoryImpl$verifyFacialBiometry$2
com.cdccreditsmart.data.local.entity.PolicyConfigurationEntity
com.cdccreditsmart.data.repository.PaymentsRepositoryImpl$getPaymentsByMethod$$inlined$map$1$2$1
com.cdccreditsmart.data.repository.BiometryRepositoryImpl_Factory
com.cdccreditsmart.data.local.dao.InstallmentDao_Impl$WhenMappings
com.cdccreditsmart.data.repository.ContractRepositoryImpl$signContract$2
com.cdccreditsmart.data.repository.PaymentsRepositoryImpl$getAvailablePaymentMethods$2
com.cdccreditsmart.data.mapper.ResourceMapperKt
com.cdccreditsmart.data.repository.ContractRepositoryImpl$processSyncUpdates$1
com.cdccreditsmart.data.di.DataModule_ProvideDeviceBindingDaoFactory
com.cdccreditsmart.data.repository.ContractRepositoryImpl$getContractsByStatus$$inlined$map$1$2
com.cdccreditsmart.data.local.dao.ContractDao_Impl$1
com.cdccreditsmart.data.local.entity.SecurityAuditLogEntity
com.cdccreditsmart.data.repository.BiometryRepositoryImpl$getRecentSessions$$inlined$map$1$2$1
com.cdccreditsmart.data.local.dao.SecurityAuditLogDao_Impl$1
com.cdccreditsmart.data.local.dao.DeviceBindingDao_Impl$WhenMappings
com.cdccreditsmart.data.local.entity.PaymentEntityKt
com.cdccreditsmart.data.repository.DeviceRepositoryImpl$getAllDeviceBindings$$inlined$map$1$2$1
com.cdccreditsmart.data.local.CDCDatabase$Companion
com.cdccreditsmart.data.local.dao.BiometrySessionDao$DefaultImpls
com.cdccreditsmart.data.local.dao.SecurityPolicyDao_Impl$1
com.cdccreditsmart.data.repository.ContractRepositoryImpl
com.cdccreditsmart.data.local.dao.DeviceStatusDao
com.cdccreditsmart.data.repository.ContractRepositoryImpl$getContract$2
com.cdccreditsmart.data.repository.DeviceRepositoryImpl$getInstallments$1
com.cdccreditsmart.data.repository.PaymentsRepositoryImpl$getRecentPayments$$inlined$map$1$2
com.cdccreditsmart.data.mapper.DeviceMappersKt
com.cdccreditsmart.data.di.DataModule_ProvidePaymentsRepositoryFactory
com.cdccreditsmart.data.local.dao.ContractDao_Impl$2
com.cdccreditsmart.data.repository.ContractRepositoryImpl$getContractTerms$1
com.cdccreditsmart.data.repository.PaymentsRepositoryImpl$getPendingPayments$$inlined$map$1$2$1
com.cdccreditsmart.data.repository.DeviceRepositoryImpl_Factory
com.cdccreditsmart.data.local.Converters
com.cdccreditsmart.data.di.DataModule_ProvideBiometrySessionDaoFactory
com.cdccreditsmart.data.local.entity.BiometrySessionEntity
com.cdccreditsmart.data.local.dao.InstallmentDao_Impl
com.cdccreditsmart.data.local.dao.DeviceBindingDao
com.cdccreditsmart.data.repository.PaymentsRepositoryImpl$getRecentPayments$$inlined$map$1$2$1
com.cdccreditsmart.data.mapper.TypeExtensionsKt
com.cdccreditsmart.data.local.dao.ContractDao_Impl
com.cdccreditsmart.data.repository.DeviceRepositoryImpl$sendHeartbeat$2
com.cdccreditsmart.data.local.entity.InstallmentEntity
com.cdccreditsmart.data.repository.ContractRepositoryImpl$getAllContracts$$inlined$map$1$2$1
com.cdccreditsmart.data.di.DataModule
com.cdccreditsmart.data.di.DataModule_ProvideContractRepositoryFactory
com.cdccreditsmart.data.local.entity.ActiveSecurityPolicyEntity
com.cdccreditsmart.data.local.dao.SecurityPolicyDao
com.cdccreditsmart.data.local.dao.SecurityPolicyDao_Impl$2
com.cdccreditsmart.data.local.dao.DeviceBindingDao_Impl$Companion
com.cdccreditsmart.data.di.DataModule_ProvideEncryptedSharedPreferencesFactory
com.cdccreditsmart.data.repository.ContractRepositoryImpl$getContractByCode$1
com.cdccreditsmart.data.repository.PaymentsRepositoryImpl$confirmPayment$2
com.cdccreditsmart.data.repository.DeviceRepositoryImpl$getDeviceBinding$$inlined$map$1
com.cdccreditsmart.data.repository.BiometryRepositoryImpl$getActiveSessions$$inlined$map$1$2$1
com.cdccreditsmart.data.repository.PaymentsRepositoryImpl$getPaymentHistory$1
...
hilt_aggregated_deps._com_cdccreditsmart_data_di_DataModule
hilt_aggregated_deps._com_cdccreditsmart_data_di_DataModule: _com_cdccreditsmart_data_di_DataModule()