data/build/outputs/mapping/release/mapping.txt
# compiler: R8
# compiler_version: 8.13.6
# common_typos_disable
# {"id":"com.android.tools.r8.mapping","version":"2.2"}
# pg_map_id: 4bc797701058d065d0acde6f5ec110aecf43ba1c4df7698b31b6a37eab8bfb06
# pg_map_hash: SHA-256 4bc797701058d065d0acde6f5ec110aecf43ba1c4df7698b31b6a37eab8bfb06
com.cdccreditsmart.data.converters.MapConverter -> a.j:
# {"id":"sourceFile","fileName":"MapConverter.kt"}
    com.squareup.moshi.Moshi moshi -> a
    1:5:void <init>():11:15 -> <init>
    1:2:java.lang.String fromStringAnyMap(java.util.Map):61:62 -> fromStringAnyMap
    1:2:java.lang.String fromStringBooleanMap(java.util.Map):40:41 -> fromStringBooleanMap
    1:2:java.lang.String fromStringList(java.util.List):84:85 -> fromStringList
    1:2:java.lang.String fromStringMap(java.util.Map):20:21 -> fromStringMap
    1:4:java.util.Map toStringAnyMap(java.lang.String):73:76 -> toStringAnyMap
    1:4:java.util.Map toStringBooleanMap(java.lang.String):49:52 -> toStringBooleanMap
    1:4:java.util.List toStringList(java.lang.String):93:96 -> toStringList
    1:4:java.util.Map toStringMap(java.lang.String):29:32 -> toStringMap
com.cdccreditsmart.data.di.DataModule -> com.cdccreditsmart.data.di.DataModule:
# {"id":"sourceFile","fileName":"DataModule.kt"}
    1:1:void <init>():24:24 -> <init>
    1:1:com.cdccreditsmart.domain.repository.AuthenticationRepository provideAuthenticationRepository(android.content.SharedPreferences):153:153 -> provideAuthenticationRepository
    1:1:com.cdccreditsmart.domain.repository.BiometryRepository provideBiometryRepository(com.cdccreditsmart.network.api.BiometryApiService,com.cdccreditsmart.data.local.dao.BiometrySessionDao,com.cdccreditsmart.network.error.NetworkErrorMapper):77:77 -> provideBiometryRepository
    1:1:com.cdccreditsmart.data.local.dao.BiometrySessionDao provideBiometrySessionDao(com.cdccreditsmart.data.local.CDCDatabase):42:42 -> provideBiometrySessionDao
    1:1:com.cdccreditsmart.data.local.CDCDatabase provideCDCDatabase(android.content.Context):32:32 -> provideCDCDatabase
    2:8:com.cdccreditsmart.data.local.CDCDatabase provideCDCDatabase(android.content.Context):31:37 -> provideCDCDatabase
    1:1:com.cdccreditsmart.data.local.dao.ContractDao provideContractDao(com.cdccreditsmart.data.local.CDCDatabase):52:52 -> provideContractDao
    1:1:com.cdccreditsmart.domain.repository.ContractRepository provideContractRepository(com.cdccreditsmart.network.api.ContractApiService,com.cdccreditsmart.data.local.dao.ContractDao,com.cdccreditsmart.network.error.NetworkErrorMapper):127:127 -> provideContractRepository
com.cdccreditsmart.data.di.DataModule_ProvideAuthenticationRepositoryFactory -> com.cdccreditsmart.data.di.DataModule_ProvideAuthenticationRepositoryFactory:
# {"id":"sourceFile","fileName":"DataModule_ProvideAuthenticationRepositoryFactory.java"}
    1:2:void <init>(dagger.internal.Provider):34:35 -> <init>
    1:1:com.cdccreditsmart.data.di.DataModule_ProvideAuthenticationRepositoryFactory create(javax.inject.Provider):45:45 -> create
    2:2:com.cdccreditsmart.data.di.DataModule_ProvideAuthenticationRepositoryFactory create(dagger.internal.Provider):50:50 -> create
    1:1:java.lang.Object get():14:14 -> get
    2:2:com.cdccreditsmart.domain.repository.AuthenticationRepository get():40:40 -> get
    1:1:com.cdccreditsmart.domain.repository.AuthenticationRepository provideAuthenticationRepository(android.content.SharedPreferences):55:55 -> provideAuthenticationRepository
...
hilt_aggregated_deps._com_cdccreditsmart_data_di_DataModule -> hilt_aggregated_deps._com_cdccreditsmart_data_di_DataModule:
# {"id":"sourceFile","fileName":"_com_cdccreditsmart_data_di_DataModule.java"}
    1:1:void <init>():14:14 -> <init>